<?xml version="1.0" encoding="UTF-8"?>
<!-- Generated by org.testng.reporters.JUnitReportReporter -->
<testsuite hostname="DESKTOP-OQEJ773" failures="0" tests="2" name="header.HomePageTestSintegrum" time="1.720" errors="0" timestamp="2023-03-03T00:42:28 EET" skipped="0">
  <testcase classname="header.HomePageTestSintegrum" name="checkInfoAboutCompany" time="0.397"/>
  <system-out/>
  <testcase classname="header.HomePageTestSintegrum" name="checkLogoAndHeader" time="1.323"/>
  <system-out/>
</testsuite> <!-- header.HomePageTestSintegrum -->
